<?xml version="1.0" encoding="UTF-8"?>
<robot generator="Robot 3.2.2 (Python 3.9.1 on win32)" generated="20210214 13:52:38.687" rpa="false">
<suite id="s1" name="Player" source="C:\Automação\robotweek\tests\player.robot">
<test id="s1-t1" name="Reproduzir paródia Bug de manhã">
<kw name="Open Login Page" library="login">
<kw name="Open Browser" library="Browser">
<tags>
<tag>BrowserControl</tag>
<tag>Setter</tag>
</tags>
<doc>Opens a new browser instance. Use this keyword for quick experiments or debugging sessions.
Use `New Page` directly instead of `Open Browser` for production and automated execution.
See `Browser, Context and Page` for more information about Browser and related concepts.</doc>
<arguments>
<arg>http://parodify.qaninja.com.br/users/sign_in</arg>
<arg>chromium</arg>
</arguments>
<msg timestamp="20210214 13:52:40.179" level="WARN">Open Browser is for quick experimentation and debugging only. Use New Page for production.</msg>
<msg timestamp="20210214 13:52:40.184" level="INFO">{"browser": "chromium", "headless": false, "handleSIGINT": true, "handleSIGTERM": true, "handleSIGHUP": true, "timeout": 30000.0, "devtools": false, "slowMo": 0.0}</msg>
<msg timestamp="20210214 13:52:40.838" level="INFO">Successfully created browser with options: {"browser":"chromium","headless":false,"handleSIGINT":true,"handleSIGTERM":true,"handleSIGHUP":true,"timeout":30000,"devtools":false,"slowMo":0}</msg>
<msg timestamp="20210214 13:52:40.847" level="INFO">{"acceptDownloads": false, "ignoreHTTPSErrors": false, "bypassCSP": false, "deviceScaleFactor": 1.0, "isMobile": false, "hasTouch": false, "javaScriptEnabled": true, "offline": false, "hideRfBrowser": false}</msg>
<msg timestamp="20210214 13:52:40.890" level="INFO">Successfully created context with options: {"acceptDownloads":false,"ignoreHTTPSErrors":false,"bypassCSP":false,"deviceScaleFactor":1,"isMobile":false,"hasTouch":false,"javaScriptEnabled":true,"offline":false,"hideRfBrowser":false}</msg>
<msg timestamp="20210214 13:52:44.060" level="INFO">Successfully initialized new page object and opened url: http://parodify.qaninja.com.br/users/sign_in</msg>
<status status="PASS" starttime="20210214 13:52:40.178" endtime="20210214 13:52:44.060"></status>
</kw>
<status status="PASS" starttime="20210214 13:52:40.176" endtime="20210214 13:52:44.061"></status>
</kw>
<kw name="Login With" library="login">
<arguments>
<arg>papito@parodify.com</arg>
<arg>pwd123</arg>
</arguments>
<kw name="Fill Text" library="Browser">
<tags>
<tag>PageContent</tag>
<tag>Setter</tag>
</tags>
<doc>Clears and fills the given ``text`` into the text field found by ``selector``.</doc>
<arguments>
<arg>css=input[name*=email]</arg>
<arg>${email_arg}</arg>
</arguments>
<msg timestamp="20210214 13:52:44.062" level="INFO">Fills the text 'papito@parodify.com' in the given field.</msg>
<status status="PASS" starttime="20210214 13:52:44.062" endtime="20210214 13:52:44.138"></status>
</kw>
<kw name="Fill Text" library="Browser">
<tags>
<tag>PageContent</tag>
<tag>Setter</tag>
</tags>
<doc>Clears and fills the given ``text`` into the text field found by ``selector``.</doc>
<arguments>
<arg>[id="user_password"]</arg>
<arg>${pass_arg}</arg>
</arguments>
<msg timestamp="20210214 13:52:44.140" level="INFO">Fills the text 'pwd123' in the given field.</msg>
<status status="PASS" starttime="20210214 13:52:44.139" endtime="20210214 13:52:44.195"></status>
</kw>
<kw name="Click" library="Browser">
<tags>
<tag>PageContent</tag>
<tag>Setter</tag>
</tags>
<doc>Simulates mouse click on the element found by ``selector``.</doc>
<arguments>
<arg>input[value="Log in"]</arg>
</arguments>
<status status="PASS" starttime="20210214 13:52:44.195" endtime="20210214 13:52:45.114"></status>
</kw>
<status status="PASS" starttime="20210214 13:52:44.061" endtime="20210214 13:52:45.115"></status>
</kw>
<kw name="Logout Link Should Be visible" library="home_logada">
<kw name="Wait For Elements State" library="Browser">
<tags>
<tag>PageContent</tag>
<tag>Wait</tag>
</tags>
<doc>Waits for the element found by ``selector`` to satisfy state option.</doc>
<arguments>
<arg>a[href$="/sign_out"]</arg>
<arg>visible</arg>
<arg>10</arg>
</arguments>
<msg timestamp="20210214 13:52:45.681" level="INFO">Wait for Element with selector: a[href$="/sign_out"]</msg>
<status status="PASS" starttime="20210214 13:52:45.119" endtime="20210214 13:52:45.683"></status>
</kw>
<status status="PASS" starttime="20210214 13:52:45.117" endtime="20210214 13:52:45.684"></status>
</kw>
<kw name="Click" library="Browser">
<tags>
<tag>PageContent</tag>
<tag>Setter</tag>
</tags>
<doc>Simulates mouse click on the element found by ``selector``.</doc>
<arguments>
<arg>css=a[href$=new]</arg>
</arguments>
<status status="PASS" starttime="20210214 13:52:45.686" endtime="20210214 13:52:45.883"></status>
</kw>
<kw name="Wait For Elements State" library="Browser">
<tags>
<tag>PageContent</tag>
<tag>Wait</tag>
</tags>
<doc>Waits for the element found by ``selector`` to satisfy state option.</doc>
<arguments>
<arg>xpath=//h2[contains(text(), "Buscar")]</arg>
<arg>visible</arg>
<arg>10</arg>
</arguments>
<msg timestamp="20210214 13:52:46.206" level="INFO">Wait for Element with selector: xpath=//h2[contains(text(), "Buscar")]</msg>
<status status="PASS" starttime="20210214 13:52:45.885" endtime="20210214 13:52:46.208"></status>
</kw>
<kw name="Click" library="Browser">
<tags>
<tag>PageContent</tag>
<tag>Setter</tag>
</tags>
<doc>Simulates mouse click on the element found by ``selector``.</doc>
<arguments>
<arg>xpath=//img[contains(@src, "sertanejo.png")]/..</arg>
</arguments>
<status status="PASS" starttime="20210214 13:52:46.210" endtime="20210214 13:52:46.703"></status>
</kw>
<kw name="Wait For Elements State" library="Browser">
<tags>
<tag>PageContent</tag>
<tag>Wait</tag>
</tags>
<doc>Waits for the element found by ``selector`` to satisfy state option.</doc>
<arguments>
<arg>xpath=//h2[contains(text(), "Sertanejo")]</arg>
<arg>visible</arg>
<arg>10</arg>
</arguments>
<msg timestamp="20210214 13:52:47.068" level="INFO">Wait for Element with selector: xpath=//h2[contains(text(), "Sertanejo")]</msg>
<status status="PASS" starttime="20210214 13:52:46.705" endtime="20210214 13:52:47.070"></status>
</kw>
<kw name="Click" library="Browser">
<tags>
<tag>PageContent</tag>
<tag>Setter</tag>
</tags>
<doc>Simulates mouse click on the element found by ``selector``.</doc>
<arguments>
<arg>xpath=//p[contains(text(), "Marcus e Debug")]/..</arg>
</arguments>
<status status="PASS" starttime="20210214 13:52:47.072" endtime="20210214 13:52:47.236"></status>
</kw>
<kw name="Wait For Elements State" library="Browser">
<tags>
<tag>PageContent</tag>
<tag>Wait</tag>
</tags>
<doc>Waits for the element found by ``selector`` to satisfy state option.</doc>
<arguments>
<arg>xpath=//h2[contains(text(), "Músicas")]</arg>
<arg>visible</arg>
<arg>10</arg>
</arguments>
<msg timestamp="20210214 13:52:47.755" level="INFO">Wait for Element with selector: xpath=//h2[contains(text(), "Músicas")]</msg>
<status status="PASS" starttime="20210214 13:52:47.238" endtime="20210214 13:52:47.757"></status>
</kw>
<kw name="Click" library="Browser">
<tags>
<tag>PageContent</tag>
<tag>Setter</tag>
</tags>
<doc>Simulates mouse click on the element found by ``selector``.</doc>
<arguments>
<arg>xpath=//h2[contains(text(),"Bug de Manhã")]/../..//div[contains(@class, "play")]//a</arg>
</arguments>
<status status="PASS" starttime="20210214 13:52:47.760" endtime="20210214 13:52:47.923"></status>
</kw>
<kw name="Get Style" library="Browser">
<tags>
<tag>Assertion</tag>
<tag>Getter</tag>
<tag>PageContent</tag>
</tags>
<doc>Gets the computed style properties of the element selected by ``selector``.</doc>
<arguments>
<arg>xpath=//h2[contains(text(), "Bug de Manhã")]/../../..</arg>
<arg>color</arg>
<arg>equal</arg>
<arg>rgb(0, 209, 178)</arg>
</arguments>
<msg timestamp="20210214 13:52:47.953" level="INFO">Value of key: color</msg>
<msg timestamp="20210214 13:52:47.953" level="INFO">Value of selected property: rgb(0, 209, 178)</msg>
<status status="PASS" starttime="20210214 13:52:47.924" endtime="20210214 13:52:47.953"></status>
</kw>
<kw name="Sleep" library="BuiltIn">
<doc>Pauses the test executed for the given time.</doc>
<arguments>
<arg>10</arg>
</arguments>
<msg timestamp="20210214 13:52:57.954" level="INFO">Slept 10 seconds</msg>
<status status="PASS" starttime="20210214 13:52:47.953" endtime="20210214 13:52:57.954"></status>
</kw>
<status status="PASS" starttime="20210214 13:52:40.159" endtime="20210214 13:52:57.956" critical="yes"></status>
</test>
<doc>Testando o player de paródias</doc>
<status status="PASS" starttime="20210214 13:52:38.689" endtime="20210214 13:52:58.188"></status>
</suite>
<statistics>
<total>
<stat pass="1" fail="0">Critical Tests</stat>
<stat pass="1" fail="0">All Tests</stat>
</total>
<tag>
</tag>
<suite>
<stat pass="1" fail="0" id="s1" name="Player">Player</stat>
</suite>
</statistics>
<errors>
<msg timestamp="20210214 13:52:40.179" level="WARN">Open Browser is for quick experimentation and debugging only. Use New Page for production.</msg>
</errors>
</robot>
