<?xml version="1.0" encoding="UTF-8"?>
<robot generator="Robot 3.2.2 (Python 3.9.1 on win32)" generated="20210211 00:30:37.854" rpa="false">
<suite id="s1" name="Login" source="C:\Automação\robotweek\login.robot">
<test id="s1-t1" name="Login com sucesso">
<kw name="Open Browser" library="Browser">
<tags>
<tag>BrowserControl</tag>
<tag>Setter</tag>
</tags>
<doc>Opens a new browser instance. Use this keyword for quick experiments or debugging sessions.
Use `New Page` directly instead of `Open Browser` for production and automated execution.
See `Browser, Context and Page` for more information about Browser and related concepts.</doc>
<arguments>
<arg>http://parodify.qaninja.com.br/users/sign_in</arg>
<arg>chromium</arg>
</arguments>
<msg timestamp="20210211 00:30:39.625" level="WARN">Open Browser is for quick experimentation and debugging only. Use New Page for production.</msg>
<msg timestamp="20210211 00:30:39.627" level="INFO">{"browser": "chromium", "headless": false, "handleSIGINT": true, "handleSIGTERM": true, "handleSIGHUP": true, "timeout": 30000.0, "devtools": false, "slowMo": 0.0}</msg>
<msg timestamp="20210211 00:30:39.962" level="INFO">Successfully created browser with options: {"browser":"chromium","headless":false,"handleSIGINT":true,"handleSIGTERM":true,"handleSIGHUP":true,"timeout":30000,"devtools":false,"slowMo":0}</msg>
<msg timestamp="20210211 00:30:39.963" level="INFO">{"acceptDownloads": false, "ignoreHTTPSErrors": false, "bypassCSP": false, "deviceScaleFactor": 1.0, "isMobile": false, "hasTouch": false, "javaScriptEnabled": true, "offline": false, "hideRfBrowser": false}</msg>
<msg timestamp="20210211 00:30:39.988" level="INFO">Successfully created context with options: {"acceptDownloads":false,"ignoreHTTPSErrors":false,"bypassCSP":false,"deviceScaleFactor":1,"isMobile":false,"hasTouch":false,"javaScriptEnabled":true,"offline":false,"hideRfBrowser":false}</msg>
<msg timestamp="20210211 00:30:42.907" level="INFO">Successfully initialized new page object and opened url: http://parodify.qaninja.com.br/users/sign_in</msg>
<status status="PASS" starttime="20210211 00:30:39.625" endtime="20210211 00:30:42.908"></status>
</kw>
<kw name="Fill Text" library="Browser">
<tags>
<tag>PageContent</tag>
<tag>Setter</tag>
</tags>
<doc>Clears and fills the given ``text`` into the text field found by ``selector``.</doc>
<arguments>
<arg>[id="user_email"]</arg>
<arg>papito@parodify.com</arg>
</arguments>
<msg timestamp="20210211 00:30:42.909" level="INFO">Fills the text 'papito@parodify.com' in the given field.</msg>
<status status="PASS" starttime="20210211 00:30:42.908" endtime="20210211 00:30:42.961"></status>
</kw>
<kw name="Fill Text" library="Browser">
<tags>
<tag>PageContent</tag>
<tag>Setter</tag>
</tags>
<doc>Clears and fills the given ``text`` into the text field found by ``selector``.</doc>
<arguments>
<arg>[id="user_password"]</arg>
<arg>pwd123</arg>
</arguments>
<msg timestamp="20210211 00:30:42.962" level="INFO">Fills the text 'pwd123' in the given field.</msg>
<status status="PASS" starttime="20210211 00:30:42.961" endtime="20210211 00:30:42.983"></status>
</kw>
<kw name="Click" library="Browser">
<tags>
<tag>PageContent</tag>
<tag>Setter</tag>
</tags>
<doc>Simulates mouse click on the element found by ``selector``.</doc>
<arguments>
<arg>input[value="Log in"]</arg>
</arguments>
<status status="PASS" starttime="20210211 00:30:42.983" endtime="20210211 00:30:43.730"></status>
</kw>
<kw name="Wait For Elements State" library="Browser">
<tags>
<tag>PageContent</tag>
<tag>Wait</tag>
</tags>
<doc>Waits for the element found by ``selector`` to satisfy state option.</doc>
<arguments>
<arg>a[href$="/sign_out"]</arg>
<arg>visible</arg>
<arg>10</arg>
</arguments>
<msg timestamp="20210211 00:30:44.041" level="INFO">Wait for Element with selector: a[href$="/sign_out"]</msg>
<status status="PASS" starttime="20210211 00:30:43.730" endtime="20210211 00:30:44.041"></status>
</kw>
<kw name="Sleep" library="BuiltIn">
<doc>Pauses the test executed for the given time.</doc>
<arguments>
<arg>5</arg>
</arguments>
<msg timestamp="20210211 00:30:49.045" level="INFO">Slept 5 seconds</msg>
<status status="PASS" starttime="20210211 00:30:44.042" endtime="20210211 00:30:49.045"></status>
</kw>
<status status="PASS" starttime="20210211 00:30:39.621" endtime="20210211 00:30:49.046" critical="yes"></status>
</test>
<doc>Teste da página Login</doc>
<status status="PASS" starttime="20210211 00:30:37.856" endtime="20210211 00:30:49.127"></status>
</suite>
<statistics>
<total>
<stat pass="1" fail="0">Critical Tests</stat>
<stat pass="1" fail="0">All Tests</stat>
</total>
<tag>
</tag>
<suite>
<stat pass="1" fail="0" id="s1" name="Login">Login</stat>
</suite>
</statistics>
<errors>
<msg timestamp="20210211 00:30:39.625" level="WARN">Open Browser is for quick experimentation and debugging only. Use New Page for production.</msg>
</errors>
</robot>
