<?xml version="1.0" encoding="UTF-8"?>
<robot generator="Robot 3.2.2 (Python 3.9.1 on win32)" generated="20210214 18:42:51.139" rpa="false">
<suite id="s1" name="Player" source="C:\Automação\robotweek\tests\player.robot">
<test id="s1-t1" name="Reproduzir paródia Bug de manhã">
<kw name="Open Login Page" library="login">
<kw name="New Browser" library="Browser">
<tags>
<tag>BrowserControl</tag>
<tag>Setter</tag>
</tags>
<doc>Create a new playwright Browser with specified options.
See `Browser, Context and Page` for more information about Browser and related concepts.</doc>
<arguments>
<arg>${browser}</arg>
<arg>${headless}</arg>
</arguments>
<msg timestamp="20210214 18:42:51.923" level="INFO">{"browser": "firefox", "headless": false, "handleSIGINT": true, "handleSIGTERM": true, "handleSIGHUP": true, "timeout": 30000.0, "devtools": false, "slowMo": 0.0}</msg>
<msg timestamp="20210214 18:42:58.583" level="INFO">Successfully created browser with options: {"browser":"firefox","headless":false,"handleSIGINT":true,"handleSIGTERM":true,"handleSIGHUP":true,"timeout":30000,"devtools":false,"slowMo":0}</msg>
<status status="PASS" starttime="20210214 18:42:51.923" endtime="20210214 18:42:58.584"></status>
</kw>
<kw name="New Page" library="Browser">
<tags>
<tag>BrowserControl</tag>
<tag>Setter</tag>
</tags>
<doc>Open a new Page. A Page is the Playwright equivalent to a tab.
See `Browser, Context and Page` for more information about Page concept.
Returns a stable identifier for the created page.</doc>
<arguments>
<arg>http://parodify.qaninja.com.br/users/sign_in</arg>
</arguments>
<msg timestamp="20210214 18:43:11.869" level="INFO">Successfully initialized new page object and opened url: http://parodify.qaninja.com.br/users/sign_in</msg>
<status status="PASS" starttime="20210214 18:42:58.584" endtime="20210214 18:43:11.869"></status>
</kw>
<status status="PASS" starttime="20210214 18:42:51.922" endtime="20210214 18:43:11.870"></status>
</kw>
<kw name="Login With" library="login">
<arguments>
<arg>papito@parodify.com</arg>
<arg>pwd123</arg>
</arguments>
<kw name="Fill Text" library="Browser">
<tags>
<tag>PageContent</tag>
<tag>Setter</tag>
</tags>
<doc>Clears and fills the given ``text`` into the text field found by ``selector``.</doc>
<arguments>
<arg>css=input[name*=email]</arg>
<arg>${email_arg}</arg>
</arguments>
<msg timestamp="20210214 18:43:11.871" level="INFO">Fills the text 'papito@parodify.com' in the given field.</msg>
<status status="PASS" starttime="20210214 18:43:11.871" endtime="20210214 18:43:11.924"></status>
</kw>
<kw name="Fill Text" library="Browser">
<tags>
<tag>PageContent</tag>
<tag>Setter</tag>
</tags>
<doc>Clears and fills the given ``text`` into the text field found by ``selector``.</doc>
<arguments>
<arg>[id="user_password"]</arg>
<arg>${pass_arg}</arg>
</arguments>
<msg timestamp="20210214 18:43:11.924" level="INFO">Fills the text 'pwd123' in the given field.</msg>
<status status="PASS" starttime="20210214 18:43:11.924" endtime="20210214 18:43:12.057"></status>
</kw>
<kw name="Click" library="Browser">
<tags>
<tag>PageContent</tag>
<tag>Setter</tag>
</tags>
<doc>Simulates mouse click on the element found by ``selector``.</doc>
<arguments>
<arg>input[value="Log in"]</arg>
</arguments>
<status status="PASS" starttime="20210214 18:43:12.057" endtime="20210214 18:43:15.023"></status>
</kw>
<status status="PASS" starttime="20210214 18:43:11.870" endtime="20210214 18:43:15.023"></status>
</kw>
<kw name="Logout Link Should Be visible" library="home_logada">
<kw name="Wait For Elements State" library="Browser">
<tags>
<tag>PageContent</tag>
<tag>Wait</tag>
</tags>
<doc>Waits for the element found by ``selector`` to satisfy state option.</doc>
<arguments>
<arg>${LOGOUT_LINK}</arg>
<arg>visible</arg>
<arg>10</arg>
</arguments>
<msg timestamp="20210214 18:43:15.063" level="INFO">Wait for Element with selector: a[href$="/sign_out"]</msg>
<status status="PASS" starttime="20210214 18:43:15.025" endtime="20210214 18:43:15.064"></status>
</kw>
<status status="PASS" starttime="20210214 18:43:15.024" endtime="20210214 18:43:15.064"></status>
</kw>
<kw name="Go to Search Page" library="home_logada">
<kw name="Click" library="Browser">
<tags>
<tag>PageContent</tag>
<tag>Setter</tag>
</tags>
<doc>Simulates mouse click on the element found by ``selector``.</doc>
<arguments>
<arg>css=a[href$=new]</arg>
</arguments>
<status status="PASS" starttime="20210214 18:43:15.066" endtime="20210214 18:43:15.140"></status>
</kw>
<kw name="Wait For Elements State" library="Browser">
<tags>
<tag>PageContent</tag>
<tag>Wait</tag>
</tags>
<doc>Waits for the element found by ``selector`` to satisfy state option.</doc>
<arguments>
<arg>xpath=//h2[contains(text(), "Buscar")]</arg>
<arg>visible</arg>
<arg>10</arg>
</arguments>
<msg timestamp="20210214 18:43:15.422" level="INFO">Wait for Element with selector: xpath=//h2[contains(text(), "Buscar")]</msg>
<status status="PASS" starttime="20210214 18:43:15.140" endtime="20210214 18:43:15.423"></status>
</kw>
<status status="PASS" starttime="20210214 18:43:15.065" endtime="20210214 18:43:15.423"></status>
</kw>
<kw name="Go to Sertanejo Category" library="search">
<kw name="Click" library="Browser">
<tags>
<tag>PageContent</tag>
<tag>Setter</tag>
</tags>
<doc>Simulates mouse click on the element found by ``selector``.</doc>
<arguments>
<arg>xpath=//img[contains(@src, "sertanejo.png")]/..</arg>
</arguments>
<status status="PASS" starttime="20210214 18:43:15.424" endtime="20210214 18:43:15.962"></status>
</kw>
<kw name="Wait For Elements State" library="Browser">
<tags>
<tag>PageContent</tag>
<tag>Wait</tag>
</tags>
<doc>Waits for the element found by ``selector`` to satisfy state option.</doc>
<arguments>
<arg>xpath=//h2[contains(text(), "Sertanejo")]</arg>
<arg>visible</arg>
<arg>10</arg>
</arguments>
<msg timestamp="20210214 18:43:17.862" level="INFO">Wait for Element with selector: xpath=//h2[contains(text(), "Sertanejo")]</msg>
<status status="PASS" starttime="20210214 18:43:15.963" endtime="20210214 18:43:17.862"></status>
</kw>
<status status="PASS" starttime="20210214 18:43:15.424" endtime="20210214 18:43:17.863"></status>
</kw>
<kw name="Open Album From" library="category">
<arguments>
<arg>Marcus e Debug</arg>
</arguments>
<kw name="Click" library="Browser">
<tags>
<tag>PageContent</tag>
<tag>Setter</tag>
</tags>
<doc>Simulates mouse click on the element found by ``selector``.</doc>
<arguments>
<arg>xpath=//p[contains(text(), "${artist_name}")]/..</arg>
</arguments>
<status status="PASS" starttime="20210214 18:43:17.864" endtime="20210214 18:43:17.962"></status>
</kw>
<kw name="Wait For Elements State" library="Browser">
<tags>
<tag>PageContent</tag>
<tag>Wait</tag>
</tags>
<doc>Waits for the element found by ``selector`` to satisfy state option.</doc>
<arguments>
<arg>xpath=//h2[contains(text(), "Músicas")]</arg>
<arg>visible</arg>
<arg>10</arg>
</arguments>
<msg timestamp="20210214 18:43:18.388" level="INFO">Wait for Element with selector: xpath=//h2[contains(text(), "Músicas")]</msg>
<status status="PASS" starttime="20210214 18:43:17.963" endtime="20210214 18:43:18.388"></status>
</kw>
<status status="PASS" starttime="20210214 18:43:17.863" endtime="20210214 18:43:18.388"></status>
</kw>
<kw name="Play song" library="album">
<arguments>
<arg>Bug de Manhã</arg>
</arguments>
<kw name="Click" library="Browser">
<tags>
<tag>PageContent</tag>
<tag>Setter</tag>
</tags>
<doc>Simulates mouse click on the element found by ``selector``.</doc>
<arguments>
<arg>xpath=//h2[contains(text(),"${song_name}")]/../..//div[contains(@class, "play")]//a</arg>
</arguments>
<status status="PASS" starttime="20210214 18:43:18.389" endtime="20210214 18:43:18.468"></status>
</kw>
<status status="PASS" starttime="20210214 18:43:18.389" endtime="20210214 18:43:18.468"></status>
</kw>
<kw name="Song Should Be playing" library="album">
<arguments>
<arg>Bug de Manhã</arg>
</arguments>
<kw name="Get Style" library="Browser">
<tags>
<tag>Assertion</tag>
<tag>Getter</tag>
<tag>PageContent</tag>
</tags>
<doc>Gets the computed style properties of the element selected by ``selector``.</doc>
<arguments>
<arg>xpath=//h2[contains(text(), "${song_name}")]/../../..</arg>
<arg>color</arg>
<arg>equal</arg>
<arg>rgb(0, 209, 178)</arg>
</arguments>
<msg timestamp="20210214 18:43:18.485" level="INFO">Value of key: color</msg>
<msg timestamp="20210214 18:43:18.485" level="INFO">Value of selected property: rgb(0, 209, 178)</msg>
<status status="PASS" starttime="20210214 18:43:18.470" endtime="20210214 18:43:18.485"></status>
</kw>
<status status="PASS" starttime="20210214 18:43:18.469" endtime="20210214 18:43:18.485"></status>
</kw>
<kw name="Take Screenshot" library="Browser" type="teardown">
<tags>
<tag>PageContent</tag>
</tags>
<doc>Takes a screenshot of the current window and saves it to ``path``. Saves it as a png.</doc>
<msg timestamp="20210214 18:43:18.789" level="INFO" html="yes">&lt;/td&gt;&lt;/tr&gt;&lt;tr&gt;&lt;td colspan="3"&gt;&lt;a href="browser/screenshot/robotframework-browser-screenshot-81.png"&gt;&lt;img src="browser/screenshot/robotframework-browser-screenshot-81.png" width="800px"&gt;&lt;/a&gt;</msg>
<status status="PASS" starttime="20210214 18:43:18.486" endtime="20210214 18:43:18.789"></status>
</kw>
<status status="PASS" starttime="20210214 18:42:51.917" endtime="20210214 18:43:18.790" critical="yes"></status>
</test>
<doc>Testando o player de paródias</doc>
<status status="PASS" starttime="20210214 18:42:51.141" endtime="20210214 18:43:18.971"></status>
</suite>
<statistics>
<total>
<stat pass="1" fail="0">Critical Tests</stat>
<stat pass="1" fail="0">All Tests</stat>
</total>
<tag>
</tag>
<suite>
<stat pass="1" fail="0" id="s1" name="Player">Player</stat>
</suite>
</statistics>
<errors>
</errors>
</robot>
